2023-05-23 10:10:42,834 ERROR Cursor closed
2023-05-23 12:00:24,963 ERROR Cursor closed
2023-05-23 12:00:24,967 ERROR Cursor closed
2023-05-23 12:00:24,971 ERROR Cursor closed
2023-05-23 12:00:24,975 ERROR Cursor closed
2023-05-23 12:00:24,979 ERROR Cursor closed
2023-05-23 12:00:24,983 ERROR Cursor closed
2023-05-23 12:00:24,987 ERROR Cursor closed
2023-05-23 12:00:24,990 ERROR Cursor closed
2023-05-23 12:00:24,994 ERROR Cursor closed
2023-05-23 12:00:24,997 ERROR Cursor closed
2023-05-23 12:00:25,000 ERROR Cursor closed
2023-05-23 12:00:25,004 ERROR Cursor closed
2023-05-23 12:00:25,008 ERROR Cursor closed
2023-05-23 12:00:25,010 ERROR Cursor closed
2023-05-23 12:00:25,013 ERROR Cursor closed
2023-05-23 12:00:25,016 ERROR Cursor closed
2023-05-23 12:00:25,019 ERROR Cursor closed
2023-05-23 12:00:25,023 ERROR Cursor closed
2023-05-23 12:00:25,026 ERROR Cursor closed
2023-05-23 12:08:51,777 ERROR Cursor closed
2023-05-23 12:08:51,781 ERROR Cursor closed
2023-05-23 12:08:51,785 ERROR Cursor closed
2023-05-23 12:08:51,791 ERROR Cursor closed
2023-05-23 12:08:51,799 ERROR Cursor closed
2023-05-23 12:08:51,804 ERROR Cursor closed
2023-05-23 12:08:51,808 ERROR Cursor closed
2023-05-23 12:08:51,811 ERROR Cursor closed
2023-05-23 12:08:51,815 ERROR Cursor closed
2023-05-23 12:08:51,819 ERROR Cursor closed
2023-05-23 12:08:51,822 ERROR Cursor closed
2023-05-23 12:08:51,825 ERROR Cursor closed
2023-05-23 12:08:51,829 ERROR Cursor closed
2023-05-23 12:08:51,841 ERROR Cursor closed
2023-05-23 12:08:51,848 ERROR Cursor closed
2023-05-23 12:08:51,854 ERROR Cursor closed
2023-05-23 12:08:51,858 ERROR Cursor closed
2023-05-23 12:08:51,867 ERROR Cursor closed
2023-05-23 12:08:51,871 ERROR Cursor closed
2023-05-23 12:20:13,461 ERROR Cursor closed
2023-05-23 12:20:49,653 ERROR Cursor closed
2023-05-23 12:41:00,707 ERROR Working outside of application context.

This typically means that you attempted to use functionality that needed
the current application. To solve this, set up an application context
with app.app_context(). See the documentation for more information.
2023-05-23 12:41:52,998 ERROR Working outside of application context.

This typically means that you attempted to use functionality that needed
the current application. To solve this, set up an application context
with app.app_context(). See the documentation for more information.
2023-05-23 12:42:23,280 ERROR Working outside of application context.

This typically means that you attempted to use functionality that needed
the current application. To solve this, set up an application context
with app.app_context(). See the documentation for more information.
2023-05-23 15:02:42,590 ERROR Could not build url for endpoint '/user_blueprint/login'. Did you mean 'user_blueprint.login' instead?
2023-05-23 15:03:16,881 ERROR Could not build url for endpoint '/user_blueprint.login'. Did you mean 'user_blueprint.login' instead?
2023-05-23 15:03:35,440 ERROR Could not build url for endpoint '/user_blueprint.login'. Did you mean 'user_blueprint.login' instead?
